<?xml version="1.0" encoding="utf-8"?><testsuites name="pytest tests"><testsuite name="pytest" errors="0" failures="1" skipped="1" tests="79" time="289.605" timestamp="2026-08-24T04:14:16.111272+00:00" hostname="agent-env-72a18c39-3e41-49b3-8fa5-6dcb98b76dd4"><testcase classname="tests.test_seller_flow.TestSellerLifecycle" name="test_01_register_seller_account" time="0.902" /><testcase classname="tests.test_auth.TestAuth" name="test_admin_login" time="0.607" /><testcase classname="tests.test_auth.TestAuth" name="test_login_sets_httponly_secure_cookie" time="0.588" /><testcase classname="tests.test_seller_flow.TestSellerLifecycle" name="test_02_no_profile_yet" time="0.302" /><testcase classname="tests.test_auth.TestAuth" name="test_cookie_auth_works_without_bearer" time="0.562" /><testcase classname="tests.test_seller_flow.TestSellerLifecycle" name="test_03_create_business_profile" time="0.122" /><testcase classname="tests.test_seller_flow.TestSellerLifecycle" name="test_04_duplicate_profile_rejected" time="0.378" /><testcase classname="tests.test_seller_flow.TestSellerLifecycle" name="test_05_profile_validation" time="0.053" /><testcase classname="tests.test_auth.TestAuth" name="test_seed_seller_login" time="0.658" /><testcase classname="tests.test_seller_flow.TestSellerLifecycle" name="test_06_upload_image" time="1.354" /><testcase classname="tests.test_auth.TestAuth" name="test_login_wrong_password" time="0.514" /><testcase classname="tests.test_auth.TestAuth" name="test_login_unknown_email" time="0.233" /><testcase classname="tests.test_seller_flow.TestSellerLifecycle" name="test_07_upload_rejects_non_image" time="0.172" /><testcase classname="tests.test_auth.TestAuth" name="test_register_customer_and_me" time="1.034" /><testcase classname="tests.test_seller_flow.TestSellerLifecycle" name="test_08_create_product_and_service_listings" time="0.435" /><testcase classname="tests.test_seller_flow.TestSellerLifecycle" name="test_09_listing_validation" time="0.054" /><testcase classname="tests.test_seller_flow.TestSellerLifecycle" name="test_10_pending_listing_not_discoverable" time="0.434" /><testcase classname="tests.test_auth.TestAuth" name="test_register_seller_role" time="0.455" /><testcase classname="tests.test_seller_flow.TestSellerLifecycle" name="test_11_toggle_active" time="0.456" /><testcase classname="tests.test_auth.TestAuth" name="test_register_duplicate_email" time="0.516" /><testcase classname="tests.test_seller_flow.TestSellerLifecycle" name="test_12_edit_listing" time="0.114" /><testcase classname="tests.test_seller_flow.TestSellerLifecycle" name="test_13_cannot_touch_other_sellers_listing" time="0.456" /><testcase classname="tests.test_auth.TestAuth" name="test_register_invalid_role_rejected" time="0.225" /><testcase classname="tests.test_seller_flow.TestSellerLifecycle" name="test_14_admin_approves_seller_and_listings" time="0.810" /><testcase classname="tests.test_auth.TestAuth" name="test_register_short_password_and_bad_email" time="0.401" /><testcase classname="tests.test_auth.TestAuth" name="test_me_unauthenticated_401" time="0.123" /><testcase classname="tests.test_auth.TestAuth" name="test_me_invalid_token_401" time="0.126" /><testcase classname="tests.test_seller_flow.TestSellerLifecycle" name="test_15_approved_listing_now_discoverable" time="0.114"><failure message="assert 528 &lt; 500">E   assert 528 &lt; 500</failure></testcase><testcase classname="tests.test_auth.TestAuth" name="test_logout_clears_cookie" time="0.484" /><testcase classname="tests.test_seller_flow.TestSellerLifecycle" name="test_16_verify_seller_sets_badge" time="0.448" /><testcase classname="tests.test_auth.TestAuth" name="test_brute_force_lockout_after_5_failures" time="2.565"><skipped type="pytest.xfail" message="brute-force lockout deliberately out of V1 scope (main agent decision)" /></testcase><testcase classname="tests.test_seller_flow.TestSellerLifecycle" name="test_17_suspend_seller_hides_listings" time="1.099" /><testcase classname="tests.test_seller_flow.TestSellerLifecycle" name="test_18_reject_listing_hides_it" time="0.635" /><testcase classname="tests.test_seller_flow.TestSellerLifecycle" name="test_19_edit_resets_status_to_pending" time="0.762" /><testcase classname="tests.test_discovery.TestDiscovery" name="test_listings_shape" time="133.614" /><testcase classname="tests.test_seller_flow.TestSellerLifecycle" name="test_20_delete_listings_cleanup" time="0.311" /><testcase classname="tests.test_admin.TestAdmin" name="test_stats_shape" time="0.483" /><testcase classname="tests.test_admin.TestAdmin" name="test_sellers_list_and_status_filter" time="0.100" /><testcase classname="tests.test_admin.TestAdmin" name="test_seller_status_validation" time="0.153" /><testcase classname="tests.test_admin.TestAdmin" name="test_listings_list_and_filter" time="0.104" /><testcase classname="tests.test_admin.TestAdmin" name="test_listing_status_validation" time="0.194" /><testcase classname="tests.test_admin.TestAdmin" name="test_users_list_hides_password" time="0.051" /><testcase classname="tests.test_admin.TestAdmin" name="test_category_add_toggle_and_public_visibility" time="0.741" /><testcase classname="tests.test_discovery.TestListingDetail" name="test_detail_and_view_increment" time="135.614" /><testcase classname="tests.test_discovery.TestDiscovery" name="test_radius_filtering_is_monotonic" time="0.447" /><testcase classname="tests.test_discovery.TestDiscovery" name="test_default_radius_is_2km" time="0.217" /><testcase classname="tests.test_discovery.TestDiscovery" name="test_distance_sorted_ascending_by_default" time="0.105" /><testcase classname="tests.test_discovery.TestDiscovery" name="test_haversine_distance_correctness" time="0.382" /><testcase classname="tests.test_discovery.TestDiscovery" name="test_type_filter" time="0.331" /><testcase classname="tests.test_discovery.TestDiscovery" name="test_category_filter" time="0.372" /><testcase classname="tests.test_discovery.TestDiscovery" name="test_search_terms_return_relevant_results" time="0.798" /><testcase classname="tests.test_discovery.TestDiscovery" name="test_search_case_insensitive" time="0.247" /><testcase classname="tests.test_discovery.TestDiscovery" name="test_search_nonsense_returns_empty" time="0.132" /><testcase classname="tests.test_discovery.TestDiscovery" name="test_max_price_and_min_rating_filters" time="0.406" /><testcase classname="tests.test_discovery.TestDiscovery" name="test_sort_options" time="136.136" /><testcase classname="tests.test_discovery.TestListingDetail" name="test_detail_404" time="0.118" /><testcase classname="tests.test_discovery.TestListingDetail" name="test_whatsapp_click_increments" time="0.746" /><testcase classname="tests.test_discovery.TestListingDetail" name="test_whatsapp_click_404" time="134.262" /><testcase classname="tests.test_rbac_favorites.TestRBAC" name="test_unauthenticated_401" time="1.214" /><testcase classname="tests.test_discovery.TestDiscovery" name="test_pending_sellers_hidden_from_discovery" time="0.190" /><testcase classname="tests.test_discovery.TestDiscovery" name="test_listings_without_coords" time="0.128" /><testcase classname="tests.test_discovery.TestDiscovery" name="test_limit_param" time="0.178" /><testcase classname="tests.test_iter2_fixes.TestSeedCoordJitter" name="test_distances_are_non_zero_and_varied" time="1.032" /><testcase classname="tests.test_rbac_favorites.TestRBAC" name="test_customer_forbidden_on_seller_and_admin" time="0.894" /><testcase classname="tests.test_iter2_fixes.TestSeedCoordJitter" name="test_radius_1_2_5_give_different_counts" time="3.948" /><testcase classname="tests.test_rbac_favorites.TestRBAC" name="test_seller_forbidden_on_admin" time="0.729" /><testcase classname="tests.test_rbac_favorites.TestRBAC" name="test_upload_requires_auth" time="0.140" /><testcase classname="tests.test_auth.TestCors" name="test_app_level_cors_uses_explicit_origin_with_credentials" time="0.002" /><testcase classname="tests.test_auth.TestCors" name="test_public_cors_headers_present" time="0.073" /><testcase classname="tests.test_iter2_fixes.TestFavoriteNotFound" name="test_favorite_unknown_listing_returns_404" time="0.528" /><testcase classname="tests.test_iter2_fixes.TestFavoriteNotFound" name="test_favorite_real_listing_still_works" time="0.359" /><testcase classname="tests.test_iter2_fixes.TestUploadFix" name="test_upload_and_fetch" time="1.193" /><testcase classname="tests.test_iter2_fixes.TestUploadFix" name="test_unknown_file_returns_404" time="0.159" /><testcase classname="tests.test_rbac_favorites.TestFavorites" name="test_add_list_remove_favorite" time="0.988" /><testcase classname="tests.test_iter2_fixes.TestSeedCoordJitter" name="test_distance_matches_haversine" time="0.435" /><testcase classname="tests.test_admin.TestPasswordStorage" name="test_bcrypt_hash_format" time="0.009" /><testcase classname="tests.test_admin.TestPasswordStorage" name="test_seed_admin_password_matches_env" time="0.486" /><testcase classname="tests.test_rbac_favorites.TestFavorites" name="test_favorite_nonexistent_listing_is_not_returned" time="0.050" /><testcase classname="tests.test_discovery.TestCategories" name="test_categories_public" time="0.331" /></testsuite></testsuites>